{
  "stats": {
    "suites": 2,
    "tests": 8,
    "passes": 4,
    "pending": 4,
    "failures": 0,
    "start": "2022-10-23T12:46:30.224Z",
    "end": "2022-10-23T12:47:55.219Z",
    "duration": 29650,
    "testsRegistered": 8,
    "passPercent": 50,
    "pendingPercent": 50,
    "other": 0,
    "hasOther": false,
    "skipped": 0,
    "hasSkipped": false
  },
  "results": [
    {
      "uuid": "fea9b72b-3ff2-4cda-b134-c6de626dfa9a",
      "title": "",
      "fullFile": "cypress\\e2e\\webdriver-uni\\contact-us.js",
      "file": "cypress\\e2e\\webdriver-uni\\contact-us.js",
      "beforeHooks": [],
      "afterHooks": [],
      "tests": [],
      "suites": [
        {
          "uuid": "8eca9fd7-cb78-47e5-91dc-214f5923547a",
          "title": "Test Contact Us form via WebdriverUni",
          "fullFile": "",
          "file": "",
          "beforeHooks": [],
          "afterHooks": [],
          "tests": [
            {
              "title": "Using Custom Command - Should be able to submit a successful submission via contact us form",
              "fullTitle": "Test Contact Us form via WebdriverUni Using Custom Command - Should be able to submit a successful submission via contact us form",
              "timedOut": null,
              "duration": 10916,
              "state": "passed",
              "speed": "slow",
              "pass": true,
              "fail": false,
              "pending": false,
              "context": null,
              "code": "cy.document().should('have.property', 'charset').and('eq', 'UTF-8');\ncy.title().should('include', 'WebDriver | Contact Us');\ncy.url().should('include', 'contactus');\ncy.webdriverUni_ContactForm_Submission(Cypress.env(\"first_name\"), data.last_name, data.email, \"How can I learn Cypress?\", 'h1', 'Thank You for your Message!');",
              "err": {},
              "uuid": "4beab1a1-4711-4726-99d8-5669a631c229",
              "parentUUID": "8eca9fd7-cb78-47e5-91dc-214f5923547a",
              "isHook": false,
              "skipped": false
            },
            {
              "title": "Using Custom Command - Should not be able to submit a successful submission via contact us form as all fields are required",
              "fullTitle": "Test Contact Us form via WebdriverUni Using Custom Command - Should not be able to submit a successful submission via contact us form as all fields are required",
              "timedOut": null,
              "duration": 5286,
              "state": "passed",
              "speed": "medium",
              "pass": true,
              "fail": false,
              "pending": false,
              "context": null,
              "code": "cy.webdriverUni_ContactForm_Submission(data.first_name, data.last_name, \" \", \"How can I learn Cypress?\", 'body', 'Error: Invalid email address');",
              "err": {},
              "uuid": "3ae5b7b6-88f4-4440-97e9-675764fbfb97",
              "parentUUID": "8eca9fd7-cb78-47e5-91dc-214f5923547a",
              "isHook": false,
              "skipped": false
            },
            {
              "title": "Using Page Object - Should be able to submit a successful submission via contact us form",
              "fullTitle": "Test Contact Us form via WebdriverUni Using Page Object - Should be able to submit a successful submission via contact us form",
              "timedOut": null,
              "duration": 7806,
              "state": "passed",
              "speed": "medium",
              "pass": true,
              "fail": false,
              "pending": false,
              "context": null,
              "code": "cy.document().should('have.property', 'charset').and('eq', 'UTF-8');\ncy.title().should('include', 'WebDriver | Contact Us');\ncy.url().should('include', 'contactus');\ncontact_Us_PO.contactForm_Submission(Cypress.env(\"first_name\"), data.last_name, data.email, \"How can I learn Cypress?\", 'h1', 'Thank You for your Message!');",
              "err": {},
              "uuid": "039666cb-863d-4ec2-af46-829bb51150dd",
              "parentUUID": "8eca9fd7-cb78-47e5-91dc-214f5923547a",
              "isHook": false,
              "skipped": false
            },
            {
              "title": "Using Page Object - Should not be able to submit a successful submission via contact us form as all fields are required",
              "fullTitle": "Test Contact Us form via WebdriverUni Using Page Object - Should not be able to submit a successful submission via contact us form as all fields are required",
              "timedOut": null,
              "duration": 5642,
              "state": "passed",
              "speed": "medium",
              "pass": true,
              "fail": false,
              "pending": false,
              "context": null,
              "code": "contact_Us_PO.contactForm_Submission(data.first_name, data.last_name, \" \", \"How can I learn Cypress?\", 'body', 'Error: Invalid email address');",
              "err": {},
              "uuid": "975c1ac2-8996-4fbf-bad5-a40470ba7e4d",
              "parentUUID": "8eca9fd7-cb78-47e5-91dc-214f5923547a",
              "isHook": false,
              "skipped": false
            }
          ],
          "suites": [],
          "passes": [
            "4beab1a1-4711-4726-99d8-5669a631c229",
            "3ae5b7b6-88f4-4440-97e9-675764fbfb97",
            "039666cb-863d-4ec2-af46-829bb51150dd",
            "975c1ac2-8996-4fbf-bad5-a40470ba7e4d"
          ],
          "failures": [],
          "pending": [],
          "skipped": [],
          "duration": 29650,
          "root": false,
          "rootEmpty": false,
          "_timeout": 2000
        }
      ],
      "passes": [],
      "failures": [],
      "pending": [],
      "skipped": [],
      "duration": 0,
      "root": true,
      "rootEmpty": true,
      "_timeout": 2000
    },
    {
      "uuid": "7ccd8b64-2837-4b1c-a7a2-2b7bf2fdaa71",
      "title": "",
      "fullFile": "cypress\\e2e\\webdriver-uni\\contact-us.js",
      "file": "cypress\\e2e\\webdriver-uni\\contact-us.js",
      "beforeHooks": [],
      "afterHooks": [],
      "tests": [],
      "suites": [
        {
          "uuid": "a43d9c54-89fe-457a-a63e-4157a0e72053",
          "title": "Test Contact Us form via WebdriverUni (skipped due to browser)",
          "fullFile": "",
          "file": "",
          "beforeHooks": [],
          "afterHooks": [],
          "tests": [
            {
              "title": "Using Custom Command - Should be able to submit a successful submission via contact us form",
              "fullTitle": "Test Contact Us form via WebdriverUni (skipped due to browser) Using Custom Command - Should be able to submit a successful submission via contact us form",
              "timedOut": null,
              "duration": 0,
              "state": "pending",
              "speed": null,
              "pass": false,
              "fail": false,
              "pending": true,
              "context": null,
              "code": "",
              "err": {},
              "uuid": "5ac9f8af-4905-446e-9c4b-d6530d5fd0ac",
              "parentUUID": "a43d9c54-89fe-457a-a63e-4157a0e72053",
              "isHook": false,
              "skipped": false
            },
            {
              "title": "Using Custom Command - Should not be able to submit a successful submission via contact us form as all fields are required",
              "fullTitle": "Test Contact Us form via WebdriverUni (skipped due to browser) Using Custom Command - Should not be able to submit a successful submission via contact us form as all fields are required",
              "timedOut": null,
              "duration": 0,
              "state": "pending",
              "speed": null,
              "pass": false,
              "fail": false,
              "pending": true,
              "context": null,
              "code": "",
              "err": {},
              "uuid": "505eb12e-51bd-4bb9-88b5-ff3302f9b188",
              "parentUUID": "a43d9c54-89fe-457a-a63e-4157a0e72053",
              "isHook": false,
              "skipped": false
            },
            {
              "title": "Using Page Object - Should be able to submit a successful submission via contact us form",
              "fullTitle": "Test Contact Us form via WebdriverUni (skipped due to browser) Using Page Object - Should be able to submit a successful submission via contact us form",
              "timedOut": null,
              "duration": 0,
              "state": "pending",
              "speed": null,
              "pass": false,
              "fail": false,
              "pending": true,
              "context": null,
              "code": "",
              "err": {},
              "uuid": "66439bf3-806f-4f6d-8e14-4d1301950c6a",
              "parentUUID": "a43d9c54-89fe-457a-a63e-4157a0e72053",
              "isHook": false,
              "skipped": false
            },
            {
              "title": "Using Page Object - Should not be able to submit a successful submission via contact us form as all fields are required",
              "fullTitle": "Test Contact Us form via WebdriverUni (skipped due to browser) Using Page Object - Should not be able to submit a successful submission via contact us form as all fields are required",
              "timedOut": null,
              "duration": 0,
              "state": "pending",
              "speed": null,
              "pass": false,
              "fail": false,
              "pending": true,
              "context": null,
              "code": "",
              "err": {},
              "uuid": "ab416d39-d1e5-4760-be81-ef158179b2ae",
              "parentUUID": "a43d9c54-89fe-457a-a63e-4157a0e72053",
              "isHook": false,
              "skipped": false
            }
          ],
          "suites": [],
          "passes": [],
          "failures": [],
          "pending": [
            "5ac9f8af-4905-446e-9c4b-d6530d5fd0ac",
            "505eb12e-51bd-4bb9-88b5-ff3302f9b188",
            "66439bf3-806f-4f6d-8e14-4d1301950c6a",
            "ab416d39-d1e5-4760-be81-ef158179b2ae"
          ],
          "skipped": [],
          "duration": 0,
          "root": false,
          "rootEmpty": false,
          "_timeout": 2000
        }
      ],
      "passes": [],
      "failures": [],
      "pending": [],
      "skipped": [],
      "duration": 0,
      "root": true,
      "rootEmpty": true,
      "_timeout": 2000
    }
  ],
  "meta": {
    "mocha": {
      "version": "7.0.1"
    },
    "mochawesome": {
      "options": {
        "quiet": false,
        "reportFilename": "mochawesome",
        "saveHtml": false,
        "saveJson": true,
        "consoleReporter": "spec",
        "useInlineDiffs": false,
        "code": true
      },
      "version": "7.1.3"
    },
    "marge": {
      "options": {
        "id": "default",
        "reportDir": "cypress/results/mochawesome",
        "quite": true,
        "overwrite": false,
        "html": false,
        "json": true
      },
      "version": "6.2.0"
    }
  }
}